<?xml version="1.0" encoding="UTF-8"?>
<!-- Generated by org.testng.reporters.JUnitXMLReporter -->
<testsuite ignored="0" hostname="SnehBharti" failures="0" tests="2" name="Default test" time="15.457" errors="0" timestamp="2025-09-24T08:55:15 IST">
  <testcase classname="aws_implementation_selenium_wiith_java.LoginFeature" name="verifyCurrentUrl" time="0.842"/>
  <testcase classname="aws_implementation_selenium_wiith_java.LoginFeature" name="verifyTitle" time="0.034"/>
</testsuite> <!-- Default test -->
