<?xml version="1.0" encoding="UTF-8"?>
<testng-results ignored="0" total="2" passed="2" failed="0" skipped="0">
  <reporter-output>
  </reporter-output>
  <suite started-at="2025-09-24T08:54:59 IST" name="Default suite" finished-at="2025-09-24T08:55:15 IST" duration-ms="15457">
    <groups>
    </groups>
    <test started-at="2025-09-24T08:54:59 IST" name="Default test" finished-at="2025-09-24T08:55:15 IST" duration-ms="15457">
      <class name="aws_implementation_selenium_wiith_java.LoginFeature">
        <test-method is-config="true" signature="setUp(java.lang.String)[pri:0, instance:aws_implementation_selenium_wiith_java.LoginFeature@55342f40]" started-at="2025-09-24T08:54:59 IST" name="setUp" finished-at="2025-09-24T08:55:07 IST" duration-ms="7386" status="PASS">
          <params>
            <param index="0">
              <value>
                <![CDATA[chrome]]>
              </value>
            </param>
          </params>
          <reporter-output>
          </reporter-output>
        </test-method> <!-- setUp -->
        <test-method signature="verifyCurrentUrl()[pri:0, instance:aws_implementation_selenium_wiith_java.LoginFeature@55342f40]" started-at="2025-09-24T08:55:07 IST" name="verifyCurrentUrl" finished-at="2025-09-24T08:55:08 IST" duration-ms="842" status="PASS">
          <reporter-output>
          </reporter-output>
        </test-method> <!-- verifyCurrentUrl -->
        <test-method is-config="true" signature="tearDown()[pri:0, instance:aws_implementation_selenium_wiith_java.LoginFeature@55342f40]" started-at="2025-09-24T08:55:08 IST" name="tearDown" finished-at="2025-09-24T08:55:09 IST" duration-ms="967" status="PASS">
          <reporter-output>
          </reporter-output>
        </test-method> <!-- tearDown -->
        <test-method is-config="true" signature="setUp(java.lang.String)[pri:0, instance:aws_implementation_selenium_wiith_java.LoginFeature@55342f40]" started-at="2025-09-24T08:55:09 IST" name="setUp" finished-at="2025-09-24T08:55:14 IST" duration-ms="5235" status="PASS">
          <params>
            <param index="0">
              <value>
                <![CDATA[chrome]]>
              </value>
            </param>
          </params>
          <reporter-output>
          </reporter-output>
        </test-method> <!-- setUp -->
        <test-method signature="verifyTitle()[pri:0, instance:aws_implementation_selenium_wiith_java.LoginFeature@55342f40]" started-at="2025-09-24T08:55:14 IST" name="verifyTitle" finished-at="2025-09-24T08:55:14 IST" duration-ms="34" status="PASS">
          <reporter-output>
          </reporter-output>
        </test-method> <!-- verifyTitle -->
        <test-method is-config="true" signature="tearDown()[pri:0, instance:aws_implementation_selenium_wiith_java.LoginFeature@55342f40]" started-at="2025-09-24T08:55:14 IST" name="tearDown" finished-at="2025-09-24T08:55:15 IST" duration-ms="923" status="PASS">
          <reporter-output>
          </reporter-output>
        </test-method> <!-- tearDown -->
      </class> <!-- aws_implementation_selenium_wiith_java.LoginFeature -->
    </test> <!-- Default test -->
  </suite> <!-- Default suite -->
</testng-results>
